<?xml version="1.0" encoding="UTF-8"?>
<testng-results skipped="0" failed="0" ignored="0" total="1" passed="1">
  <reporter-output>
  </reporter-output>
  <suite name="Default suite" duration-ms="32621" started-at="2020-12-27T14:23:14Z" finished-at="2020-12-27T14:23:47Z">
    <groups>
    </groups>
    <test name="Default test" duration-ms="32621" started-at="2020-12-27T14:23:14Z" finished-at="2020-12-27T14:23:47Z">
      <class name="com.qa.test.EditProfileTest">
        <test-method status="PASS" signature="launchBrowser()[pri:0, instance:com.qa.test.EditProfileTest@68c4039c]" name="launchBrowser" is-config="true" duration-ms="30425" started-at="2020-12-27T14:23:14Z" finished-at="2020-12-27T14:23:45Z">
          <reporter-output>
          </reporter-output>
        </test-method> <!-- launchBrowser -->
        <test-method status="PASS" signature="editProileTest()[pri:0, instance:com.qa.test.EditProfileTest@68c4039c]" name="editProileTest" duration-ms="2142" started-at="2020-12-27T14:23:45Z" finished-at="2020-12-27T14:23:47Z">
          <reporter-output>
          </reporter-output>
        </test-method> <!-- editProileTest -->
      </class> <!-- com.qa.test.EditProfileTest -->
    </test> <!-- Default test -->
  </suite> <!-- Default suite -->
</testng-results>
